0 verbose cli /data/data/com.termux/files/usr/bin/node /data/data/com.termux/files/usr/bin/npm
1 info using npm@11.12.1
2 info using node@v25.8.2
3 silly config load:file:/data/data/com.termux/files/usr/lib/node_modules/npm/npmrc
4 silly config load:file:/data/data/com.termux/files/home/yupra-panel/yupra-panel/.npmrc
5 silly config load:file:/data/data/com.termux/files/home/.npmrc
6 silly config load:file:/data/data/com.termux/files/usr/etc/npmrc
7 verbose title npm install express systeminformation
8 verbose argv "install" "express" "systeminformation"
9 verbose logfile logs-max:10 dir:/data/data/com.termux/files/home/.npm/_logs/2026-04-16T22_15_16_634Z-
10 verbose logfile /data/data/com.termux/files/home/.npm/_logs/2026-04-16T22_15_16_634Z-debug-0.log
11 silly logfile start cleaning logs, removing 1 files
12 silly packumentCache heap:833880064 maxSize:208470016 maxEntrySize:104235008
13 silly logfile done cleaning log files
14 silly idealTree buildDeps
15 silly fetch manifest express@*
16 silly packumentCache full:https://registry.npmjs.org/express cache-miss
17 http cache https://registry.npmjs.org/express 121ms (cache hit)
18 silly packumentCache full:https://registry.npmjs.org/express set size:801278 disposed:false
19 silly fetch manifest systeminformation@*
20 silly packumentCache full:https://registry.npmjs.org/systeminformation cache-miss
21 http cache https://registry.npmjs.org/systeminformation 62ms (cache hit)
22 silly packumentCache full:https://registry.npmjs.org/systeminformation set size:2312276 disposed:false
23 silly placeDep ROOT express@5.2.1 OK for: yupra-panel@1.0.0 want: *
24 silly placeDep ROOT systeminformation@5.31.5 OK for: yupra-panel@1.0.0 want: *
25 silly fetch manifest qs@^6.14.0
26 silly packumentCache full:https://registry.npmjs.org/qs cache-miss
27 silly fetch manifest depd@^2.0.0
28 silly packumentCache full:https://registry.npmjs.org/depd cache-miss
29 silly fetch manifest etag@^1.8.1
30 silly packumentCache full:https://registry.npmjs.org/etag cache-miss
31 silly fetch manifest once@^1.4.0
32 silly packumentCache full:https://registry.npmjs.org/once cache-miss
33 silly fetch manifest send@^1.1.0
34 silly packumentCache full:https://registry.npmjs.org/send cache-miss
35 silly fetch manifest vary@^1.1.2
36 silly packumentCache full:https://registry.npmjs.org/vary cache-miss
37 silly fetch manifest debug@^4.4.0
38 silly packumentCache full:https://registry.npmjs.org/debug cache-miss
39 http cache https://registry.npmjs.org/depd 117ms (cache hit)
40 silly packumentCache full:https://registry.npmjs.org/depd set size:40182 disposed:false
41 silly fetch manifest fresh@^2.0.0
42 silly packumentCache full:https://registry.npmjs.org/fresh cache-miss
43 http cache https://registry.npmjs.org/etag 128ms (cache hit)
44 silly packumentCache full:https://registry.npmjs.org/etag set size:30032 disposed:false
45 silly fetch manifest cookie@^0.7.1
46 silly packumentCache full:https://registry.npmjs.org/cookie cache-miss
47 http cache https://registry.npmjs.org/once 139ms (cache hit)
48 silly packumentCache full:https://registry.npmjs.org/once set size:11752 disposed:false
49 silly fetch manifest router@^2.2.0
50 silly packumentCache full:https://registry.npmjs.org/router cache-miss
51 http cache https://registry.npmjs.org/send 147ms (cache hit)
52 silly packumentCache full:https://registry.npmjs.org/send set size:152810 disposed:false
53 silly fetch manifest accepts@^2.0.0
54 silly packumentCache full:https://registry.npmjs.org/accepts cache-miss
55 http cache https://registry.npmjs.org/vary 163ms (cache hit)
56 silly packumentCache full:https://registry.npmjs.org/vary set size:16018 disposed:false
57 silly fetch manifest type-is@^2.0.1
58 silly packumentCache full:https://registry.npmjs.org/type-is cache-miss
59 http cache https://registry.npmjs.org/qs 224ms (cache hit)
60 silly packumentCache full:https://registry.npmjs.org/qs set size:353582 disposed:false
61 silly fetch manifest parseurl@^1.3.3
62 silly packumentCache full:https://registry.npmjs.org/parseurl cache-miss
63 http cache https://registry.npmjs.org/debug 210ms (cache hit)
64 silly packumentCache full:https://registry.npmjs.org/debug set size:195840 disposed:false
65 silly fetch manifest statuses@^2.0.1
66 silly packumentCache full:https://registry.npmjs.org/statuses cache-miss
67 http cache https://registry.npmjs.org/fresh 193ms (cache hit)
68 silly packumentCache full:https://registry.npmjs.org/fresh set size:25427 disposed:false
69 silly fetch manifest encodeurl@^2.0.0
70 silly packumentCache full:https://registry.npmjs.org/encodeurl cache-miss
71 http cache https://registry.npmjs.org/cookie 193ms (cache hit)
72 silly packumentCache full:https://registry.npmjs.org/cookie set size:72891 disposed:false
73 silly fetch manifest mime-types@^3.0.0
74 silly packumentCache full:https://registry.npmjs.org/mime-types cache-miss
75 http cache https://registry.npmjs.org/router 200ms (cache hit)
76 silly packumentCache full:https://registry.npmjs.org/router set size:116499 disposed:false
77 silly fetch manifest proxy-addr@^2.0.7
78 silly packumentCache full:https://registry.npmjs.org/proxy-addr cache-miss
79 http cache https://registry.npmjs.org/accepts 195ms (cache hit)
80 silly packumentCache full:https://registry.npmjs.org/accepts set size:77054 disposed:false
81 silly fetch manifest body-parser@^2.2.1
82 silly packumentCache full:https://registry.npmjs.org/body-parser cache-miss
83 http cache https://registry.npmjs.org/parseurl 162ms (cache hit)
84 silly packumentCache full:https://registry.npmjs.org/parseurl set size:24148 disposed:false
85 silly fetch manifest escape-html@^1.0.3
86 silly packumentCache full:https://registry.npmjs.org/escape-html cache-miss
87 http cache https://registry.npmjs.org/type-is 216ms (cache hit)
88 silly packumentCache full:https://registry.npmjs.org/type-is set size:86196 disposed:false
89 silly fetch manifest http-errors@^2.0.0
90 silly packumentCache full:https://registry.npmjs.org/http-errors cache-miss
91 http cache https://registry.npmjs.org/statuses 169ms (cache hit)
92 silly packumentCache full:https://registry.npmjs.org/statuses set size:37117 disposed:false
93 silly fetch manifest on-finished@^2.4.1
94 silly packumentCache full:https://registry.npmjs.org/on-finished cache-miss
95 http cache https://registry.npmjs.org/encodeurl 171ms (cache hit)
96 silly packumentCache full:https://registry.npmjs.org/encodeurl set size:12296 disposed:false
97 silly fetch manifest content-type@^1.0.5
98 silly packumentCache full:https://registry.npmjs.org/content-type cache-miss
99 http cache https://registry.npmjs.org/proxy-addr 148ms (cache hit)
100 silly packumentCache full:https://registry.npmjs.org/proxy-addr set size:61619 disposed:false
101 silly fetch manifest finalhandler@^2.1.0
102 silly packumentCache full:https://registry.npmjs.org/finalhandler cache-miss
103 http cache https://registry.npmjs.org/mime-types 189ms (cache hit)
104 silly packumentCache full:https://registry.npmjs.org/mime-types set size:139110 disposed:false
105 silly fetch manifest range-parser@^1.2.1
106 silly packumentCache full:https://registry.npmjs.org/range-parser cache-miss
107 http cache https://registry.npmjs.org/escape-html 176ms (cache hit)
108 silly packumentCache full:https://registry.npmjs.org/escape-html set size:7345 disposed:false
109 silly fetch manifest serve-static@^2.2.0
110 silly packumentCache full:https://registry.npmjs.org/serve-static cache-miss
111 http cache https://registry.npmjs.org/body-parser 214ms (cache hit)
112 silly packumentCache full:https://registry.npmjs.org/body-parser set size:216830 disposed:false
113 silly fetch manifest cookie-signature@^1.2.1
114 silly packumentCache full:https://registry.npmjs.org/cookie-signature cache-miss
115 http cache https://registry.npmjs.org/http-errors 229ms (cache hit)
116 silly packumentCache full:https://registry.npmjs.org/http-errors set size:71987 disposed:false
117 silly fetch manifest merge-descriptors@^2.0.0
118 silly packumentCache full:https://registry.npmjs.org/merge-descriptors cache-miss
119 http cache https://registry.npmjs.org/on-finished 242ms (cache hit)
120 silly packumentCache full:https://registry.npmjs.org/on-finished set size:23212 disposed:false
121 silly fetch manifest content-disposition@^1.0.0
122 silly packumentCache full:https://registry.npmjs.org/content-disposition cache-miss
123 http cache https://registry.npmjs.org/range-parser 216ms (cache hit)
124 silly packumentCache full:https://registry.npmjs.org/range-parser set size:22228 disposed:false
125 http cache https://registry.npmjs.org/content-type 282ms (cache hit)
126 silly packumentCache full:https://registry.npmjs.org/content-type set size:17311 disposed:false
127 http cache https://registry.npmjs.org/content-disposition 113ms (cache hit)
128 silly packumentCache full:https://registry.npmjs.org/content-disposition set size:36665 disposed:false
129 http cache https://registry.npmjs.org/finalhandler 278ms (cache hit)
130 silly packumentCache full:https://registry.npmjs.org/finalhandler set size:79291 disposed:false
131 http cache https://registry.npmjs.org/serve-static 235ms (cache hit)
132 silly packumentCache full:https://registry.npmjs.org/serve-static set size:150391 disposed:false
133 http cache https://registry.npmjs.org/cookie-signature 202ms (cache hit)
134 silly packumentCache full:https://registry.npmjs.org/cookie-signature set size:21777 disposed:false
135 http cache https://registry.npmjs.org/merge-descriptors 183ms (cache hit)
136 silly packumentCache full:https://registry.npmjs.org/merge-descriptors set size:16527 disposed:false
137 silly placeDep ROOT accepts@2.0.0 OK for: express@5.2.1 want: ^2.0.0
138 silly placeDep ROOT body-parser@2.2.2 OK for: express@5.2.1 want: ^2.2.1
139 silly placeDep ROOT content-disposition@1.1.0 OK for: express@5.2.1 want: ^1.0.0
140 silly placeDep ROOT content-type@1.0.5 OK for: express@5.2.1 want: ^1.0.5
141 silly placeDep ROOT cookie@0.7.2 OK for: express@5.2.1 want: ^0.7.1
142 silly placeDep ROOT cookie-signature@1.2.2 OK for: express@5.2.1 want: ^1.2.1
143 silly placeDep ROOT debug@4.4.3 OK for: express@5.2.1 want: ^4.4.0
144 silly placeDep ROOT depd@2.0.0 OK for: express@5.2.1 want: ^2.0.0
145 silly placeDep ROOT encodeurl@2.0.0 OK for: express@5.2.1 want: ^2.0.0
146 silly placeDep ROOT escape-html@1.0.3 OK for: express@5.2.1 want: ^1.0.3
147 silly placeDep ROOT etag@1.8.1 OK for: express@5.2.1 want: ^1.8.1
148 silly placeDep ROOT finalhandler@2.1.1 OK for: express@5.2.1 want: ^2.1.0
149 silly placeDep ROOT fresh@2.0.0 OK for: express@5.2.1 want: ^2.0.0
150 silly placeDep ROOT http-errors@2.0.1 OK for: express@5.2.1 want: ^2.0.0
151 silly placeDep ROOT merge-descriptors@2.0.0 OK for: express@5.2.1 want: ^2.0.0
152 silly placeDep ROOT mime-types@3.0.2 OK for: express@5.2.1 want: ^3.0.0
153 silly placeDep ROOT on-finished@2.4.1 OK for: express@5.2.1 want: ^2.4.1
154 silly placeDep ROOT once@1.4.0 OK for: express@5.2.1 want: ^1.4.0
155 silly placeDep ROOT parseurl@1.3.3 OK for: express@5.2.1 want: ^1.3.3
156 silly placeDep ROOT proxy-addr@2.0.7 OK for: express@5.2.1 want: ^2.0.7
157 silly placeDep ROOT qs@6.15.1 OK for: express@5.2.1 want: ^6.14.0
158 silly placeDep ROOT range-parser@1.2.1 OK for: express@5.2.1 want: ^1.2.1
159 silly placeDep ROOT router@2.2.0 OK for: express@5.2.1 want: ^2.2.0
160 silly placeDep ROOT send@1.2.1 OK for: express@5.2.1 want: ^1.1.0
161 silly placeDep ROOT serve-static@2.2.1 OK for: express@5.2.1 want: ^2.2.0
162 silly placeDep ROOT statuses@2.0.2 OK for: express@5.2.1 want: ^2.0.1
163 silly placeDep ROOT type-is@2.0.1 OK for: express@5.2.1 want: ^2.0.1
164 silly placeDep ROOT vary@1.1.2 OK for: express@5.2.1 want: ^1.1.2
165 silly fetch manifest negotiator@^1.0.0
166 silly packumentCache full:https://registry.npmjs.org/negotiator cache-miss
167 silly fetch manifest bytes@^3.1.2
168 silly packumentCache full:https://registry.npmjs.org/bytes cache-miss
169 silly fetch manifest debug@^4.4.3
170 silly packumentCache full:https://registry.npmjs.org/debug cache-hit
171 silly fetch manifest iconv-lite@^0.7.0
172 silly packumentCache full:https://registry.npmjs.org/iconv-lite cache-miss
173 silly fetch manifest qs@^6.14.1
174 silly packumentCache full:https://registry.npmjs.org/qs cache-hit
175 silly fetch manifest raw-body@^3.0.1
176 silly packumentCache full:https://registry.npmjs.org/raw-body cache-miss
177 silly fetch manifest ms@^2.1.3
178 silly packumentCache full:https://registry.npmjs.org/ms cache-miss
179 silly fetch manifest inherits@~2.0.4
180 silly packumentCache full:https://registry.npmjs.org/inherits cache-miss
181 silly fetch manifest setprototypeof@~1.2.0
182 silly packumentCache full:https://registry.npmjs.org/setprototypeof cache-miss
183 http cache https://registry.npmjs.org/negotiator 160ms (cache hit)
184 silly packumentCache full:https://registry.npmjs.org/negotiator set size:48046 disposed:false
185 silly fetch manifest statuses@~2.0.2
186 silly packumentCache full:https://registry.npmjs.org/statuses cache-hit
187 silly fetch manifest toidentifier@~1.0.1
188 silly packumentCache full:https://registry.npmjs.org/toidentifier cache-miss
189 http cache https://registry.npmjs.org/bytes 175ms (cache hit)
190 silly packumentCache full:https://registry.npmjs.org/bytes set size:37018 disposed:false
191 silly fetch manifest mime-db@^1.54.0
192 silly packumentCache full:https://registry.npmjs.org/mime-db cache-miss
193 http cache https://registry.npmjs.org/iconv-lite 173ms (cache hit)
194 silly packumentCache full:https://registry.npmjs.org/iconv-lite set size:120557 disposed:false
195 silly fetch manifest ee-first@1.1.1
196 silly packumentCache full:https://registry.npmjs.org/ee-first cache-miss
197 http cache https://registry.npmjs.org/raw-body 174ms (cache hit)
198 silly packumentCache full:https://registry.npmjs.org/raw-body set size:117822 disposed:false
199 silly fetch manifest wrappy@1
200 silly packumentCache full:https://registry.npmjs.org/wrappy cache-miss
201 http cache https://registry.npmjs.org/ms 178ms (cache hit)
202 silly packumentCache full:https://registry.npmjs.org/ms set size:92208 disposed:false
203 silly fetch manifest forwarded@0.2.0
204 silly packumentCache full:https://registry.npmjs.org/forwarded cache-miss
205 http cache https://registry.npmjs.org/inherits 181ms (cache hit)
206 silly packumentCache full:https://registry.npmjs.org/inherits set size:12925 disposed:false
207 silly fetch manifest ipaddr.js@1.9.1
208 silly packumentCache full:https://registry.npmjs.org/ipaddr.js cache-miss
209 http cache https://registry.npmjs.org/setprototypeof 181ms (cache hit)
210 silly packumentCache full:https://registry.npmjs.org/setprototypeof set size:14532 disposed:false
211 silly fetch manifest side-channel@^1.1.0
212 silly packumentCache full:https://registry.npmjs.org/side-channel cache-miss
213 http cache https://registry.npmjs.org/toidentifier 138ms (cache hit)
214 silly packumentCache full:https://registry.npmjs.org/toidentifier set size:12006 disposed:false
215 silly fetch manifest is-promise@^4.0.0
216 silly packumentCache full:https://registry.npmjs.org/is-promise cache-miss
217 http cache https://registry.npmjs.org/wrappy 100ms (cache hit)
218 silly packumentCache full:https://registry.npmjs.org/wrappy set size:7682 disposed:false
219 silly fetch manifest path-to-regexp@^8.0.0
220 silly packumentCache full:https://registry.npmjs.org/path-to-regexp cache-miss
221 http cache https://registry.npmjs.org/forwarded 93ms (cache hit)
222 silly packumentCache full:https://registry.npmjs.org/forwarded set size:11229 disposed:false
223 silly fetch manifest statuses@^2.0.2
224 silly packumentCache full:https://registry.npmjs.org/statuses cache-hit
225 silly fetch manifest media-typer@^1.1.0
226 silly packumentCache full:https://registry.npmjs.org/media-typer cache-miss
227 http cache https://registry.npmjs.org/side-channel 89ms (cache hit)
228 silly packumentCache full:https://registry.npmjs.org/side-channel set size:24660 disposed:false
229 http cache https://registry.npmjs.org/ipaddr.js 108ms (cache hit)
230 silly packumentCache full:https://registry.npmjs.org/ipaddr.js set size:67857 disposed:false
231 http cache https://registry.npmjs.org/ee-first 160ms (cache hit)
232 silly packumentCache full:https://registry.npmjs.org/ee-first set size:15327 disposed:false
233 http cache https://registry.npmjs.org/mime-db 184ms (cache hit)
234 silly packumentCache full:https://registry.npmjs.org/mime-db set size:164953 disposed:false
235 http cache https://registry.npmjs.org/is-promise 90ms (cache hit)
236 silly packumentCache full:https://registry.npmjs.org/is-promise set size:18599 disposed:false
237 http cache https://registry.npmjs.org/media-typer 72ms (cache hit)
238 silly packumentCache full:https://registry.npmjs.org/media-typer set size:20873 disposed:false
239 http cache https://registry.npmjs.org/path-to-regexp 94ms (cache hit)
240 silly packumentCache full:https://registry.npmjs.org/path-to-regexp set size:216334 disposed:false
241 silly placeDep ROOT negotiator@1.0.0 OK for: accepts@2.0.0 want: ^1.0.0
242 silly placeDep ROOT bytes@3.1.2 OK for: body-parser@2.2.2 want: ^3.1.2
243 silly placeDep ROOT iconv-lite@0.7.2 OK for: body-parser@2.2.2 want: ^0.7.0
244 silly placeDep ROOT raw-body@3.0.2 OK for: body-parser@2.2.2 want: ^3.0.1
245 silly fetch manifest safer-buffer@>= 2.1.2 < 3.0.0
246 silly packumentCache full:https://registry.npmjs.org/safer-buffer cache-miss
247 silly fetch manifest unpipe@~1.0.0
248 silly packumentCache full:https://registry.npmjs.org/unpipe cache-miss
249 http cache https://registry.npmjs.org/safer-buffer 27ms (cache hit)
250 silly packumentCache full:https://registry.npmjs.org/safer-buffer set size:18521 disposed:false
251 http cache https://registry.npmjs.org/unpipe 29ms (cache hit)
252 silly packumentCache full:https://registry.npmjs.org/unpipe set size:3609 disposed:false
253 silly placeDep ROOT ms@2.1.3 OK for: debug@4.4.3 want: ^2.1.3
254 silly placeDep ROOT inherits@2.0.4 OK for: http-errors@2.0.1 want: ~2.0.4
255 silly placeDep ROOT setprototypeof@1.2.0 OK for: http-errors@2.0.1 want: ~1.2.0
256 silly placeDep ROOT toidentifier@1.0.1 OK for: http-errors@2.0.1 want: ~1.0.1
257 silly placeDep ROOT safer-buffer@2.1.2 OK for: iconv-lite@0.7.2 want: >= 2.1.2 < 3.0.0
258 silly placeDep ROOT mime-db@1.54.0 OK for: mime-types@3.0.2 want: ^1.54.0
259 silly placeDep ROOT ee-first@1.1.1 OK for: on-finished@2.4.1 want: 1.1.1
260 silly placeDep ROOT wrappy@1.0.2 OK for: once@1.4.0 want: 1
261 silly placeDep ROOT forwarded@0.2.0 OK for: proxy-addr@2.0.7 want: 0.2.0
262 silly placeDep ROOT ipaddr.js@1.9.1 OK for: proxy-addr@2.0.7 want: 1.9.1
263 silly placeDep ROOT side-channel@1.1.0 OK for: qs@6.15.1 want: ^1.1.0
264 silly fetch manifest es-errors@^1.3.0
265 silly packumentCache full:https://registry.npmjs.org/es-errors cache-miss
266 silly fetch manifest object-inspect@^1.13.3
267 silly packumentCache full:https://registry.npmjs.org/object-inspect cache-miss
268 silly fetch manifest side-channel-list@^1.0.0
269 silly packumentCache full:https://registry.npmjs.org/side-channel-list cache-miss
270 silly fetch manifest side-channel-map@^1.0.1
271 silly packumentCache full:https://registry.npmjs.org/side-channel-map cache-miss
272 silly fetch manifest side-channel-weakmap@^1.0.2
273 silly packumentCache full:https://registry.npmjs.org/side-channel-weakmap cache-miss
274 http cache https://registry.npmjs.org/side-channel-list 60ms (cache hit)
275 silly packumentCache full:https://registry.npmjs.org/side-channel-list set size:9021 disposed:false
276 http cache https://registry.npmjs.org/side-channel-map 61ms (cache hit)
277 silly packumentCache full:https://registry.npmjs.org/side-channel-map set size:9126 disposed:false
278 http cache https://registry.npmjs.org/object-inspect 75ms (cache hit)
279 silly packumentCache full:https://registry.npmjs.org/object-inspect set size:101912 disposed:false
280 http cache https://registry.npmjs.org/side-channel-weakmap 75ms (cache hit)
281 silly packumentCache full:https://registry.npmjs.org/side-channel-weakmap set size:12620 disposed:false
282 http cache https://registry.npmjs.org/es-errors 107ms (cache hit)
283 silly packumentCache full:https://registry.npmjs.org/es-errors set size:16918 disposed:false
284 silly placeDep ROOT unpipe@1.0.0 OK for: raw-body@3.0.2 want: ~1.0.0
285 silly placeDep ROOT is-promise@4.0.0 OK for: router@2.2.0 want: ^4.0.0
286 silly placeDep ROOT path-to-regexp@8.4.2 OK for: router@2.2.0 want: ^8.0.0
287 silly placeDep ROOT es-errors@1.3.0 OK for: side-channel@1.1.0 want: ^1.3.0
288 silly placeDep ROOT object-inspect@1.13.4 OK for: side-channel@1.1.0 want: ^1.13.3
289 silly placeDep ROOT side-channel-list@1.0.1 OK for: side-channel@1.1.0 want: ^1.0.0
290 silly placeDep ROOT side-channel-map@1.0.1 OK for: side-channel@1.1.0 want: ^1.0.1
291 silly placeDep ROOT side-channel-weakmap@1.0.2 OK for: side-channel@1.1.0 want: ^1.0.2
292 silly fetch manifest call-bound@^1.0.2
293 silly packumentCache full:https://registry.npmjs.org/call-bound cache-miss
294 silly fetch manifest get-intrinsic@^1.2.5
295 silly packumentCache full:https://registry.npmjs.org/get-intrinsic cache-miss
296 silly fetch manifest call-bound@^1.0.2
297 silly packumentCache full:https://registry.npmjs.org/call-bound cache-miss
298 silly fetch manifest get-intrinsic@^1.2.5
299 silly packumentCache full:https://registry.npmjs.org/get-intrinsic cache-miss
300 http cache https://registry.npmjs.org/call-bound 50ms (cache hit)
301 silly packumentCache full:https://registry.npmjs.org/call-bound set size:15317 disposed:false
302 http cache https://registry.npmjs.org/get-intrinsic 46ms (cache hit)
303 silly packumentCache full:https://registry.npmjs.org/get-intrinsic set size:60985 disposed:false
304 http cache https://registry.npmjs.org/get-intrinsic 61ms (cache hit)
305 silly packumentCache full:https://registry.npmjs.org/get-intrinsic set size:60985 disposed:false
306 silly packumentCache full:https://registry.npmjs.org/get-intrinsic dispose
307 http cache https://registry.npmjs.org/call-bound 68ms (cache hit)
308 silly packumentCache full:https://registry.npmjs.org/call-bound set size:15317 disposed:false
309 silly packumentCache full:https://registry.npmjs.org/call-bound dispose
310 silly placeDep ROOT call-bound@1.0.4 OK for: side-channel-map@1.0.1 want: ^1.0.2
311 silly placeDep ROOT get-intrinsic@1.3.0 OK for: side-channel-map@1.0.1 want: ^1.2.5
312 silly fetch manifest call-bind-apply-helpers@^1.0.2
313 silly packumentCache full:https://registry.npmjs.org/call-bind-apply-helpers cache-miss
314 silly fetch manifest get-intrinsic@^1.3.0
315 silly packumentCache full:https://registry.npmjs.org/get-intrinsic cache-hit
316 silly fetch manifest gopd@^1.2.0
317 silly packumentCache full:https://registry.npmjs.org/gopd cache-miss
318 silly fetch manifest hasown@^2.0.2
319 silly packumentCache full:https://registry.npmjs.org/hasown cache-miss
320 silly fetch manifest get-proto@^1.0.1
321 silly packumentCache full:https://registry.npmjs.org/get-proto cache-miss
322 silly fetch manifest has-symbols@^1.1.0
323 silly packumentCache full:https://registry.npmjs.org/has-symbols cache-miss
324 silly fetch manifest function-bind@^1.1.2
325 silly packumentCache full:https://registry.npmjs.org/function-bind cache-miss
326 silly fetch manifest es-object-atoms@^1.1.1
327 silly packumentCache full:https://registry.npmjs.org/es-object-atoms cache-miss
328 http cache https://registry.npmjs.org/gopd 73ms (cache hit)
329 silly packumentCache full:https://registry.npmjs.org/gopd set size:11458 disposed:false
330 silly fetch manifest math-intrinsics@^1.1.0
331 silly packumentCache full:https://registry.npmjs.org/math-intrinsics cache-miss
332 http cache https://registry.npmjs.org/hasown 81ms (cache hit)
333 silly packumentCache full:https://registry.npmjs.org/hasown set size:12476 disposed:false
334 silly fetch manifest es-define-property@^1.0.1
335 silly packumentCache full:https://registry.npmjs.org/es-define-property cache-miss
336 http cache https://registry.npmjs.org/has-symbols 85ms (cache hit)
337 silly packumentCache full:https://registry.npmjs.org/has-symbols set size:21550 disposed:false
338 silly fetch manifest call-bind-apply-helpers@^1.0.2
339 silly packumentCache full:https://registry.npmjs.org/call-bind-apply-helpers cache-miss
340 http cache https://registry.npmjs.org/function-bind 92ms (cache hit)
341 silly packumentCache full:https://registry.npmjs.org/function-bind set size:15733 disposed:false
342 http cache https://registry.npmjs.org/es-object-atoms 88ms (cache hit)
343 silly packumentCache full:https://registry.npmjs.org/es-object-atoms set size:15304 disposed:false
344 http cache https://registry.npmjs.org/get-proto 111ms (cache hit)
345 silly packumentCache full:https://registry.npmjs.org/get-proto set size:8300 disposed:false
346 http cache https://registry.npmjs.org/call-bind-apply-helpers 128ms (cache hit)
347 silly packumentCache full:https://registry.npmjs.org/call-bind-apply-helpers set size:12744 disposed:false
348 http cache https://registry.npmjs.org/math-intrinsics 69ms (cache hit)
349 silly packumentCache full:https://registry.npmjs.org/math-intrinsics set size:9265 disposed:false
350 http cache https://registry.npmjs.org/es-define-property 65ms (cache hit)
351 silly packumentCache full:https://registry.npmjs.org/es-define-property set size:8542 disposed:false
352 http cache https://registry.npmjs.org/call-bind-apply-helpers 60ms (cache hit)
353 silly packumentCache full:https://registry.npmjs.org/call-bind-apply-helpers set size:12744 disposed:false
354 silly packumentCache full:https://registry.npmjs.org/call-bind-apply-helpers dispose
355 silly placeDep ROOT call-bind-apply-helpers@1.0.2 OK for: call-bound@1.0.4 want: ^1.0.2
356 silly placeDep ROOT function-bind@1.1.2 OK for: call-bind-apply-helpers@1.0.2 want: ^1.1.2
357 silly placeDep ROOT es-define-property@1.0.1 OK for: get-intrinsic@1.3.0 want: ^1.0.1
358 silly placeDep ROOT es-object-atoms@1.1.1 OK for: get-intrinsic@1.3.0 want: ^1.1.1
359 silly placeDep ROOT get-proto@1.0.1 OK for: get-intrinsic@1.3.0 want: ^1.0.1
360 silly placeDep ROOT gopd@1.2.0 OK for: get-intrinsic@1.3.0 want: ^1.2.0
361 silly placeDep ROOT has-symbols@1.1.0 OK for: get-intrinsic@1.3.0 want: ^1.1.0
362 silly placeDep ROOT hasown@2.0.2 OK for: get-intrinsic@1.3.0 want: ^2.0.2
363 silly placeDep ROOT math-intrinsics@1.1.0 OK for: get-intrinsic@1.3.0 want: ^1.1.0
364 silly fetch manifest dunder-proto@^1.0.1
365 silly packumentCache full:https://registry.npmjs.org/dunder-proto cache-miss
366 http cache https://registry.npmjs.org/dunder-proto 17ms (cache hit)
367 silly packumentCache full:https://registry.npmjs.org/dunder-proto set size:8256 disposed:false
368 silly placeDep ROOT dunder-proto@1.0.1 OK for: get-proto@1.0.1 want: ^1.0.1
369 silly placeDep ROOT media-typer@1.1.0 OK for: type-is@2.0.1 want: ^1.1.0
370 silly reify moves {}
371 silly audit bulk request {
371 silly audit   express: [ '5.2.1' ],
371 silly audit   systeminformation: [ '5.31.5' ],
371 silly audit   accepts: [ '2.0.0' ],
371 silly audit   'body-parser': [ '2.2.2' ],
371 silly audit   'content-disposition': [ '1.1.0' ],
371 silly audit   'content-type': [ '1.0.5' ],
371 silly audit   cookie: [ '0.7.2' ],
371 silly audit   'cookie-signature': [ '1.2.2' ],
371 silly audit   debug: [ '4.4.3' ],
371 silly audit   depd: [ '2.0.0' ],
371 silly audit   encodeurl: [ '2.0.0' ],
371 silly audit   'escape-html': [ '1.0.3' ],
371 silly audit   etag: [ '1.8.1' ],
371 silly audit   finalhandler: [ '2.1.1' ],
371 silly audit   fresh: [ '2.0.0' ],
371 silly audit   'http-errors': [ '2.0.1' ],
371 silly audit   'merge-descriptors': [ '2.0.0' ],
371 silly audit   'mime-types': [ '3.0.2' ],
371 silly audit   'on-finished': [ '2.4.1' ],
371 silly audit   once: [ '1.4.0' ],
371 silly audit   parseurl: [ '1.3.3' ],
371 silly audit   'proxy-addr': [ '2.0.7' ],
371 silly audit   qs: [ '6.15.1' ],
371 silly audit   'range-parser': [ '1.2.1' ],
371 silly audit   router: [ '2.2.0' ],
371 silly audit   send: [ '1.2.1' ],
371 silly audit   'serve-static': [ '2.2.1' ],
371 silly audit   statuses: [ '2.0.2' ],
371 silly audit   'type-is': [ '2.0.1' ],
371 silly audit   vary: [ '1.1.2' ],
371 silly audit   negotiator: [ '1.0.0' ],
371 silly audit   bytes: [ '3.1.2' ],
371 silly audit   'iconv-lite': [ '0.7.2' ],
371 silly audit   'raw-body': [ '3.0.2' ],
371 silly audit   ms: [ '2.1.3' ],
371 silly audit   inherits: [ '2.0.4' ],
371 silly audit   setprototypeof: [ '1.2.0' ],
371 silly audit   toidentifier: [ '1.0.1' ],
371 silly audit   'safer-buffer': [ '2.1.2' ],
371 silly audit   'mime-db': [ '1.54.0' ],
371 silly audit   'ee-first': [ '1.1.1' ],
371 silly audit   wrappy: [ '1.0.2' ],
371 silly audit   forwarded: [ '0.2.0' ],
371 silly audit   'ipaddr.js': [ '1.9.1' ],
371 silly audit   'side-channel': [ '1.1.0' ],
371 silly audit   unpipe: [ '1.0.0' ],
371 silly audit   'is-promise': [ '4.0.0' ],
371 silly audit   'path-to-regexp': [ '8.4.2' ],
371 silly audit   'es-errors': [ '1.3.0' ],
371 silly audit   'object-inspect': [ '1.13.4' ],
371 silly audit   'side-channel-list': [ '1.0.1' ],
371 silly audit   'side-channel-map': [ '1.0.1' ],
371 silly audit   'side-channel-weakmap': [ '1.0.2' ],
371 silly audit   'call-bound': [ '1.0.4' ],
371 silly audit   'get-intrinsic': [ '1.3.0' ],
371 silly audit   'call-bind-apply-helpers': [ '1.0.2' ],
371 silly audit   'function-bind': [ '1.1.2' ],
371 silly audit   'es-define-property': [ '1.0.1' ],
371 silly audit   'es-object-atoms': [ '1.1.1' ],
371 silly audit   'get-proto': [ '1.0.1' ],
371 silly audit   gopd: [ '1.2.0' ],
371 silly audit   'has-symbols': [ '1.1.0' ],
371 silly audit   hasown: [ '2.0.2' ],
371 silly audit   'math-intrinsics': [ '1.1.0' ],
371 silly audit   'dunder-proto': [ '1.0.1' ],
371 silly audit   'media-typer': [ '1.1.0' ]
371 silly audit }
372 http cache media-typer@https://registry.npmjs.org/media-typer/-/media-typer-1.1.0.tgz 1ms (cache hit)
373 http cache dunder-proto@https://registry.npmjs.org/dunder-proto/-/dunder-proto-1.0.1.tgz 0ms (cache hit)
374 http cache math-intrinsics@https://registry.npmjs.org/math-intrinsics/-/math-intrinsics-1.1.0.tgz 0ms (cache hit)
375 http cache hasown@https://registry.npmjs.org/hasown/-/hasown-2.0.2.tgz 1ms (cache hit)
376 http cache has-symbols@https://registry.npmjs.org/has-symbols/-/has-symbols-1.1.0.tgz 0ms (cache hit)
377 http cache gopd@https://registry.npmjs.org/gopd/-/gopd-1.2.0.tgz 0ms (cache hit)
378 http cache get-proto@https://registry.npmjs.org/get-proto/-/get-proto-1.0.1.tgz 0ms (cache hit)
379 http cache es-object-atoms@https://registry.npmjs.org/es-object-atoms/-/es-object-atoms-1.1.1.tgz 0ms (cache hit)
380 http cache es-define-property@https://registry.npmjs.org/es-define-property/-/es-define-property-1.0.1.tgz 1ms (cache hit)
381 http cache function-bind@https://registry.npmjs.org/function-bind/-/function-bind-1.1.2.tgz 0ms (cache hit)
382 http cache call-bind-apply-helpers@https://registry.npmjs.org/call-bind-apply-helpers/-/call-bind-apply-helpers-1.0.2.tgz 0ms (cache hit)
383 http cache get-intrinsic@https://registry.npmjs.org/get-intrinsic/-/get-intrinsic-1.3.0.tgz 0ms (cache hit)
384 http cache call-bound@https://registry.npmjs.org/call-bound/-/call-bound-1.0.4.tgz 0ms (cache hit)
385 http cache side-channel-weakmap@https://registry.npmjs.org/side-channel-weakmap/-/side-channel-weakmap-1.0.2.tgz 1ms (cache hit)
386 http cache side-channel-map@https://registry.npmjs.org/side-channel-map/-/side-channel-map-1.0.1.tgz 1ms (cache hit)
387 http cache side-channel-list@https://registry.npmjs.org/side-channel-list/-/side-channel-list-1.0.1.tgz 0ms (cache hit)
388 http cache object-inspect@https://registry.npmjs.org/object-inspect/-/object-inspect-1.13.4.tgz 0ms (cache hit)
389 http cache es-errors@https://registry.npmjs.org/es-errors/-/es-errors-1.3.0.tgz 0ms (cache hit)
390 http cache path-to-regexp@https://registry.npmjs.org/path-to-regexp/-/path-to-regexp-8.4.2.tgz 0ms (cache hit)
391 http cache is-promise@https://registry.npmjs.org/is-promise/-/is-promise-4.0.0.tgz 0ms (cache hit)
392 http cache unpipe@https://registry.npmjs.org/unpipe/-/unpipe-1.0.0.tgz 0ms (cache hit)
393 http cache side-channel@https://registry.npmjs.org/side-channel/-/side-channel-1.1.0.tgz 0ms (cache hit)
394 http cache ipaddr.js@https://registry.npmjs.org/ipaddr.js/-/ipaddr.js-1.9.1.tgz 1ms (cache hit)
395 http cache forwarded@https://registry.npmjs.org/forwarded/-/forwarded-0.2.0.tgz 1ms (cache hit)
396 http cache wrappy@https://registry.npmjs.org/wrappy/-/wrappy-1.0.2.tgz 0ms (cache hit)
397 http cache ee-first@https://registry.npmjs.org/ee-first/-/ee-first-1.1.1.tgz 1ms (cache hit)
398 http cache mime-db@https://registry.npmjs.org/mime-db/-/mime-db-1.54.0.tgz 0ms (cache hit)
399 http cache safer-buffer@https://registry.npmjs.org/safer-buffer/-/safer-buffer-2.1.2.tgz 0ms (cache hit)
400 http cache toidentifier@https://registry.npmjs.org/toidentifier/-/toidentifier-1.0.1.tgz 0ms (cache hit)
401 http cache setprototypeof@https://registry.npmjs.org/setprototypeof/-/setprototypeof-1.2.0.tgz 0ms (cache hit)
402 http cache inherits@https://registry.npmjs.org/inherits/-/inherits-2.0.4.tgz 0ms (cache hit)
403 http cache ms@https://registry.npmjs.org/ms/-/ms-2.1.3.tgz 0ms (cache hit)
404 http cache raw-body@https://registry.npmjs.org/raw-body/-/raw-body-3.0.2.tgz 0ms (cache hit)
405 http cache iconv-lite@https://registry.npmjs.org/iconv-lite/-/iconv-lite-0.7.2.tgz 0ms (cache hit)
406 http cache bytes@https://registry.npmjs.org/bytes/-/bytes-3.1.2.tgz 0ms (cache hit)
407 http cache vary@https://registry.npmjs.org/vary/-/vary-1.1.2.tgz 0ms (cache hit)
408 http cache type-is@https://registry.npmjs.org/type-is/-/type-is-2.0.1.tgz 0ms (cache hit)
409 http cache statuses@https://registry.npmjs.org/statuses/-/statuses-2.0.2.tgz 0ms (cache hit)
410 http cache negotiator@https://registry.npmjs.org/negotiator/-/negotiator-1.0.0.tgz 1ms (cache hit)
411 http cache serve-static@https://registry.npmjs.org/serve-static/-/serve-static-2.2.1.tgz 0ms (cache hit)
412 http cache send@https://registry.npmjs.org/send/-/send-1.2.1.tgz 0ms (cache hit)
413 http cache router@https://registry.npmjs.org/router/-/router-2.2.0.tgz 0ms (cache hit)
414 http cache range-parser@https://registry.npmjs.org/range-parser/-/range-parser-1.2.1.tgz 0ms (cache hit)
415 http cache qs@https://registry.npmjs.org/qs/-/qs-6.15.1.tgz 0ms (cache hit)
416 http cache proxy-addr@https://registry.npmjs.org/proxy-addr/-/proxy-addr-2.0.7.tgz 0ms (cache hit)
417 http cache parseurl@https://registry.npmjs.org/parseurl/-/parseurl-1.3.3.tgz 0ms (cache hit)
418 http cache once@https://registry.npmjs.org/once/-/once-1.4.0.tgz 0ms (cache hit)
419 http cache on-finished@https://registry.npmjs.org/on-finished/-/on-finished-2.4.1.tgz 1ms (cache hit)
420 http cache mime-types@https://registry.npmjs.org/mime-types/-/mime-types-3.0.2.tgz 0ms (cache hit)
421 http cache merge-descriptors@https://registry.npmjs.org/merge-descriptors/-/merge-descriptors-2.0.0.tgz 1ms (cache hit)
422 http cache http-errors@https://registry.npmjs.org/http-errors/-/http-errors-2.0.1.tgz 0ms (cache hit)
423 http cache fresh@https://registry.npmjs.org/fresh/-/fresh-2.0.0.tgz 0ms (cache hit)
424 http cache finalhandler@https://registry.npmjs.org/finalhandler/-/finalhandler-2.1.1.tgz 0ms (cache hit)
425 http cache etag@https://registry.npmjs.org/etag/-/etag-1.8.1.tgz 0ms (cache hit)
426 http cache escape-html@https://registry.npmjs.org/escape-html/-/escape-html-1.0.3.tgz 1ms (cache hit)
427 http cache encodeurl@https://registry.npmjs.org/encodeurl/-/encodeurl-2.0.0.tgz 0ms (cache hit)
428 http cache depd@https://registry.npmjs.org/depd/-/depd-2.0.0.tgz 0ms (cache hit)
429 http cache debug@https://registry.npmjs.org/debug/-/debug-4.4.3.tgz 0ms (cache hit)
430 http cache cookie-signature@https://registry.npmjs.org/cookie-signature/-/cookie-signature-1.2.2.tgz 0ms (cache hit)
431 http cache cookie@https://registry.npmjs.org/cookie/-/cookie-0.7.2.tgz 0ms (cache hit)
432 http cache content-type@https://registry.npmjs.org/content-type/-/content-type-1.0.5.tgz 0ms (cache hit)
433 http cache content-disposition@https://registry.npmjs.org/content-disposition/-/content-disposition-1.1.0.tgz 0ms (cache hit)
434 http cache body-parser@https://registry.npmjs.org/body-parser/-/body-parser-2.2.2.tgz 0ms (cache hit)
435 http cache accepts@https://registry.npmjs.org/accepts/-/accepts-2.0.0.tgz 0ms (cache hit)
436 http cache systeminformation@https://registry.npmjs.org/systeminformation/-/systeminformation-5.31.5.tgz 0ms (cache hit)
437 http cache express@https://registry.npmjs.org/express/-/express-5.2.1.tgz 0ms (cache hit)
438 http fetch POST 200 https://registry.npmjs.org/-/npm/v1/security/advisories/bulk 1601ms
439 silly audit report {}
440 silly ADD node_modules/media-typer
441 silly ADD node_modules/dunder-proto
442 silly ADD node_modules/math-intrinsics
443 silly ADD node_modules/hasown
444 silly ADD node_modules/has-symbols
445 silly ADD node_modules/gopd
446 silly ADD node_modules/get-proto
447 silly ADD node_modules/es-object-atoms
448 silly ADD node_modules/es-define-property
449 silly ADD node_modules/function-bind
450 silly ADD node_modules/call-bind-apply-helpers
451 silly ADD node_modules/get-intrinsic
452 silly ADD node_modules/call-bound
453 silly ADD node_modules/side-channel-weakmap
454 silly ADD node_modules/side-channel-map
455 silly ADD node_modules/side-channel-list
456 silly ADD node_modules/object-inspect
457 silly ADD node_modules/es-errors
458 silly ADD node_modules/path-to-regexp
459 silly ADD node_modules/is-promise
460 silly ADD node_modules/unpipe
461 silly ADD node_modules/side-channel
462 silly ADD node_modules/ipaddr.js
463 silly ADD node_modules/forwarded
464 silly ADD node_modules/wrappy
465 silly ADD node_modules/ee-first
466 silly ADD node_modules/mime-db
467 silly ADD node_modules/safer-buffer
468 silly ADD node_modules/toidentifier
469 silly ADD node_modules/setprototypeof
470 silly ADD node_modules/inherits
471 silly ADD node_modules/ms
472 silly ADD node_modules/raw-body
473 silly ADD node_modules/iconv-lite
474 silly ADD node_modules/bytes
475 silly ADD node_modules/negotiator
476 silly ADD node_modules/vary
477 silly ADD node_modules/type-is
478 silly ADD node_modules/statuses
479 silly ADD node_modules/serve-static
480 silly ADD node_modules/send
481 silly ADD node_modules/router
482 silly ADD node_modules/range-parser
483 silly ADD node_modules/qs
484 silly ADD node_modules/proxy-addr
485 silly ADD node_modules/parseurl
486 silly ADD node_modules/once
487 silly ADD node_modules/on-finished
488 silly ADD node_modules/mime-types
489 silly ADD node_modules/merge-descriptors
490 silly ADD node_modules/http-errors
491 silly ADD node_modules/fresh
492 silly ADD node_modules/finalhandler
493 silly ADD node_modules/etag
494 silly ADD node_modules/escape-html
495 silly ADD node_modules/encodeurl
496 silly ADD node_modules/depd
497 silly ADD node_modules/debug
498 silly ADD node_modules/cookie-signature
499 silly ADD node_modules/cookie
500 silly ADD node_modules/content-type
501 silly ADD node_modules/content-disposition
502 silly ADD node_modules/body-parser
503 silly ADD node_modules/accepts
504 silly ADD node_modules/systeminformation
505 silly ADD node_modules/express
506 verbose cwd /data/data/com.termux/files/home/yupra-panel/yupra-panel
507 verbose os Linux 4.19.127+
508 verbose node v25.8.2
509 verbose npm  v11.12.1
510 verbose exit 0
511 info ok
