0 verbose cli /data/data/com.termux/files/usr/bin/node /data/data/com.termux/files/usr/bin/npm
1 info using npm@11.12.1
2 info using node@v25.8.2
3 silly config load:file:/data/data/com.termux/files/usr/lib/node_modules/npm/npmrc
4 silly config load:file:/data/data/com.termux/files/home/.npmrc
5 silly config load:file:/data/data/com.termux/files/usr/etc/npmrc
6 verbose title npm install express-session bcrypt
7 verbose argv "install" "express-session" "bcrypt"
8 verbose logfile logs-max:10 dir:/data/data/com.termux/files/home/.npm/_logs/2026-04-16T22_19_54_133Z-
9 verbose logfile /data/data/com.termux/files/home/.npm/_logs/2026-04-16T22_19_54_133Z-debug-0.log
10 silly logfile start cleaning logs, removing 1 files
11 silly packumentCache heap:833880064 maxSize:208470016 maxEntrySize:104235008
12 silly logfile done cleaning log files
13 silly idealTree buildDeps
14 silly fetch manifest express-session@*
15 silly packumentCache full:https://registry.npmjs.org/express-session cache-miss
16 http fetch GET 200 https://registry.npmjs.org/express-session 1687ms (cache miss)
17 silly packumentCache full:https://registry.npmjs.org/express-session set size:undefined disposed:false
18 silly fetch manifest bcrypt@*
19 silly packumentCache full:https://registry.npmjs.org/bcrypt cache-miss
20 http fetch GET 200 https://registry.npmjs.org/bcrypt 430ms (cache miss)
21 silly packumentCache full:https://registry.npmjs.org/bcrypt set size:undefined disposed:false
22 silly placeDep ROOT bcrypt@6.0.0 OK for:  want: *
23 silly placeDep ROOT express-session@1.19.0 OK for:  want: *
24 silly fetch manifest node-addon-api@^8.3.0
25 silly packumentCache full:https://registry.npmjs.org/node-addon-api cache-miss
26 silly fetch manifest node-gyp-build@^4.8.4
27 silly packumentCache full:https://registry.npmjs.org/node-gyp-build cache-miss
28 silly fetch manifest cookie@~0.7.2
29 silly packumentCache full:https://registry.npmjs.org/cookie cache-miss
30 silly fetch manifest cookie-signature@~1.0.7
31 silly packumentCache full:https://registry.npmjs.org/cookie-signature cache-miss
32 silly fetch manifest debug@~2.6.9
33 silly packumentCache full:https://registry.npmjs.org/debug cache-miss
34 silly fetch manifest depd@~2.0.0
35 silly packumentCache full:https://registry.npmjs.org/depd cache-miss
36 silly fetch manifest on-headers@~1.1.0
37 silly packumentCache full:https://registry.npmjs.org/on-headers cache-miss
38 http fetch GET 200 https://registry.npmjs.org/cookie 302ms (cache revalidated)
39 silly packumentCache full:https://registry.npmjs.org/cookie set size:72891 disposed:false
40 silly fetch manifest parseurl@~1.3.3
41 silly packumentCache full:https://registry.npmjs.org/parseurl cache-miss
42 http fetch GET 200 https://registry.npmjs.org/depd 474ms (cache revalidated)
43 silly packumentCache full:https://registry.npmjs.org/depd set size:40182 disposed:false
44 silly fetch manifest safe-buffer@~5.2.1
45 silly packumentCache full:https://registry.npmjs.org/safe-buffer cache-miss
46 http fetch GET 200 https://registry.npmjs.org/node-addon-api 583ms (cache revalidated)
47 silly packumentCache full:https://registry.npmjs.org/node-addon-api set size:347062 disposed:false
48 silly fetch manifest uid-safe@~2.1.5
49 silly packumentCache full:https://registry.npmjs.org/uid-safe cache-miss
50 http fetch GET 200 https://registry.npmjs.org/debug 603ms (cache revalidated)
51 silly packumentCache full:https://registry.npmjs.org/debug set size:195840 disposed:false
52 http fetch GET 200 https://registry.npmjs.org/parseurl 386ms (cache revalidated)
53 silly packumentCache full:https://registry.npmjs.org/parseurl set size:24148 disposed:false
54 http fetch GET 200 https://registry.npmjs.org/cookie-signature 734ms (cache revalidated)
55 silly packumentCache full:https://registry.npmjs.org/cookie-signature set size:21777 disposed:false
56 http fetch GET 200 https://registry.npmjs.org/on-headers 716ms (cache revalidated)
57 silly packumentCache full:https://registry.npmjs.org/on-headers set size:13226 disposed:false
58 http fetch GET 200 https://registry.npmjs.org/node-gyp-build 769ms (cache revalidated)
59 silly packumentCache full:https://registry.npmjs.org/node-gyp-build set size:84545 disposed:false
60 http fetch GET 200 https://registry.npmjs.org/safe-buffer 273ms (cache revalidated)
61 silly packumentCache full:https://registry.npmjs.org/safe-buffer set size:41183 disposed:false
62 http fetch GET 200 https://registry.npmjs.org/uid-safe 381ms (cache miss)
63 silly packumentCache full:https://registry.npmjs.org/uid-safe set size:undefined disposed:false
64 silly placeDep ROOT node-addon-api@8.7.0 OK for: bcrypt@6.0.0 want: ^8.3.0
65 silly placeDep ROOT node-gyp-build@4.8.4 OK for: bcrypt@6.0.0 want: ^4.8.4
66 silly placeDep ROOT cookie@0.7.2 OK for: express-session@1.19.0 want: ~0.7.2
67 silly placeDep ROOT cookie-signature@1.0.7 OK for: express-session@1.19.0 want: ~1.0.7
68 silly placeDep ROOT debug@2.6.9 OK for: express-session@1.19.0 want: ~2.6.9
69 silly placeDep ROOT depd@2.0.0 OK for: express-session@1.19.0 want: ~2.0.0
70 silly placeDep ROOT on-headers@1.1.0 OK for: express-session@1.19.0 want: ~1.1.0
71 silly placeDep ROOT parseurl@1.3.3 OK for: express-session@1.19.0 want: ~1.3.3
72 silly placeDep ROOT safe-buffer@5.2.1 OK for: express-session@1.19.0 want: ~5.2.1
73 silly placeDep ROOT uid-safe@2.1.5 OK for: express-session@1.19.0 want: ~2.1.5
74 silly fetch manifest ms@2.0.0
75 silly packumentCache full:https://registry.npmjs.org/ms cache-miss
76 silly fetch manifest random-bytes@~1.0.0
77 silly packumentCache full:https://registry.npmjs.org/random-bytes cache-miss
78 http fetch GET 200 https://registry.npmjs.org/ms 130ms (cache revalidated)
79 silly packumentCache full:https://registry.npmjs.org/ms set size:92208 disposed:false
80 http fetch GET 200 https://registry.npmjs.org/random-bytes 386ms (cache miss)
81 silly packumentCache full:https://registry.npmjs.org/random-bytes set size:undefined disposed:false
82 silly placeDep ROOT ms@2.0.0 OK for: debug@2.6.9 want: 2.0.0
83 silly placeDep ROOT random-bytes@1.0.0 OK for: uid-safe@2.1.5 want: ~1.0.0
84 silly reify moves {}
85 http cache random-bytes@https://registry.npmjs.org/random-bytes/-/random-bytes-1.0.0.tgz 0ms (cache hit)
86 http cache uid-safe@https://registry.npmjs.org/uid-safe/-/uid-safe-2.1.5.tgz 0ms (cache hit)
87 http cache safe-buffer@https://registry.npmjs.org/safe-buffer/-/safe-buffer-5.2.1.tgz 0ms (cache hit)
88 http cache on-headers@https://registry.npmjs.org/on-headers/-/on-headers-1.1.0.tgz 0ms (cache hit)
89 http cache parseurl@https://registry.npmjs.org/parseurl/-/parseurl-1.3.3.tgz 0ms (cache hit)
90 http cache depd@https://registry.npmjs.org/depd/-/depd-2.0.0.tgz 0ms (cache hit)
91 http cache debug@https://registry.npmjs.org/debug/-/debug-2.6.9.tgz 0ms (cache hit)
92 http cache cookie-signature@https://registry.npmjs.org/cookie-signature/-/cookie-signature-1.0.7.tgz 0ms (cache hit)
93 http cache ms@https://registry.npmjs.org/ms/-/ms-2.0.0.tgz 0ms (cache hit)
94 http cache cookie@https://registry.npmjs.org/cookie/-/cookie-0.7.2.tgz 0ms (cache hit)
95 http cache node-gyp-build@https://registry.npmjs.org/node-gyp-build/-/node-gyp-build-4.8.4.tgz 1ms (cache hit)
96 http cache express-session@https://registry.npmjs.org/express-session/-/express-session-1.19.0.tgz 0ms (cache hit)
97 http cache bcrypt@https://registry.npmjs.org/bcrypt/-/bcrypt-6.0.0.tgz 0ms (cache hit)
98 http cache node-addon-api@https://registry.npmjs.org/node-addon-api/-/node-addon-api-8.7.0.tgz 0ms (cache hit)
99 silly tarball no local data for random-bytes@https://registry.npmjs.org/random-bytes/-/random-bytes-1.0.0.tgz. Extracting by manifest.
100 silly tarball no local data for uid-safe@https://registry.npmjs.org/uid-safe/-/uid-safe-2.1.5.tgz. Extracting by manifest.
101 silly tarball no local data for express-session@https://registry.npmjs.org/express-session/-/express-session-1.19.0.tgz. Extracting by manifest.
102 silly tarball no local data for bcrypt@https://registry.npmjs.org/bcrypt/-/bcrypt-6.0.0.tgz. Extracting by manifest.
103 silly tarball no local data for node-addon-api@https://registry.npmjs.org/node-addon-api/-/node-addon-api-8.7.0.tgz. Extracting by manifest.
104 http fetch GET 200 https://registry.npmjs.org/random-bytes/-/random-bytes-1.0.0.tgz 660ms (cache miss)
105 http fetch GET 200 https://registry.npmjs.org/uid-safe/-/uid-safe-2.1.5.tgz 680ms (cache miss)
106 http fetch GET 200 https://registry.npmjs.org/express-session/-/express-session-1.19.0.tgz 792ms (cache miss)
107 http fetch GET 200 https://registry.npmjs.org/node-addon-api/-/node-addon-api-8.7.0.tgz 856ms (cache miss)
108 http fetch GET 200 https://registry.npmjs.org/bcrypt/-/bcrypt-6.0.0.tgz 1183ms (cache miss)
109 info run bcrypt@6.0.0 install node_modules/bcrypt node-gyp-build
110 info run bcrypt@6.0.0 install { code: 1, signal: null }
111 verbose stack Error: command failed
111 verbose stack     at promiseSpawn (/data/data/com.termux/files/usr/lib/node_modules/npm/node_modules/@npmcli/promise-spawn/lib/index.js:22:22)
111 verbose stack     at spawnWithShell (/data/data/com.termux/files/usr/lib/node_modules/npm/node_modules/@npmcli/promise-spawn/lib/index.js:124:10)
111 verbose stack     at promiseSpawn (/data/data/com.termux/files/usr/lib/node_modules/npm/node_modules/@npmcli/promise-spawn/lib/index.js:12:12)
111 verbose stack     at runScriptPkg (/data/data/com.termux/files/usr/lib/node_modules/npm/node_modules/@npmcli/run-script/lib/run-script-pkg.js:79:13)
111 verbose stack     at runScript (/data/data/com.termux/files/usr/lib/node_modules/npm/node_modules/@npmcli/run-script/lib/run-script.js:9:12)
111 verbose stack     at /data/data/com.termux/files/usr/lib/node_modules/npm/node_modules/@npmcli/arborist/lib/arborist/rebuild.js:328:17
111 verbose stack     at run (/data/data/com.termux/files/usr/lib/node_modules/npm/node_modules/promise-call-limit/dist/commonjs/index.js:67:22)
111 verbose stack     at /data/data/com.termux/files/usr/lib/node_modules/npm/node_modules/promise-call-limit/dist/commonjs/index.js:84:9
111 verbose stack     at new Promise (<anonymous>)
111 verbose stack     at callLimit (/data/data/com.termux/files/usr/lib/node_modules/npm/node_modules/promise-call-limit/dist/commonjs/index.js:35:69)
112 verbose pkgid bcrypt@6.0.0
113 error code 1
114 error path /data/data/com.termux/files/home/node_modules/bcrypt
115 error command failed
116 error command sh -c node-gyp-build
117 error gyp info it worked if it ends with ok
117 error gyp info using node-gyp@12.2.0
117 error gyp info using node@25.8.2 | android | arm64
117 error gyp info find Python using Python version 3.13.13 found at "/data/data/com.termux/files/usr/bin/python3"
117 error gyp info spawn /data/data/com.termux/files/usr/bin/python3
117 error gyp info spawn args [
117 error gyp info spawn args '/data/data/com.termux/files/usr/lib/node_modules/npm/node_modules/node-gyp/gyp/gyp_main.py',
117 error gyp info spawn args 'binding.gyp',
117 error gyp info spawn args '-f',
117 error gyp info spawn args 'make',
117 error gyp info spawn args '-I',
117 error gyp info spawn args '/data/data/com.termux/files/home/node_modules/bcrypt/build/config.gypi',
117 error gyp info spawn args '-I',
117 error gyp info spawn args '/data/data/com.termux/files/usr/lib/node_modules/npm/node_modules/node-gyp/addon.gypi',
117 error gyp info spawn args '-I',
117 error gyp info spawn args '/data/data/com.termux/files/home/.cache/node-gyp/25.8.2/include/node/common.gypi',
117 error gyp info spawn args '-Dlibrary=shared_library',
117 error gyp info spawn args '-Dvisibility=default',
117 error gyp info spawn args '-Dnode_root_dir=/data/data/com.termux/files/home/.cache/node-gyp/25.8.2',
117 error gyp info spawn args '-Dnode_gyp_dir=/data/data/com.termux/files/usr/lib/node_modules/npm/node_modules/node-gyp',
117 error gyp info spawn args '-Dnode_lib_file=/data/data/com.termux/files/home/.cache/node-gyp/25.8.2/<(target_arch)/node.lib',
117 error gyp info spawn args '-Dmodule_root_dir=/data/data/com.termux/files/home/node_modules/bcrypt',
117 error gyp info spawn args '-Dnode_engine=v8',
117 error gyp info spawn args '--depth=.',
117 error gyp info spawn args '--no-parallel',
117 error gyp info spawn args '--generator-output',
117 error gyp info spawn args 'build',
117 error gyp info spawn args '-Goutput_dir=.'
117 error gyp info spawn args ]
117 error gyp: Undefined variable android_ndk_path in binding.gyp while trying to load binding.gyp
117 error gyp ERR! configure error 
117 error gyp ERR! stack Error: `gyp` failed with exit code: 1
117 error gyp ERR! stack at ChildProcess.<anonymous> (/data/data/com.termux/files/usr/lib/node_modules/npm/node_modules/node-gyp/lib/configure.js:317:18)
117 error gyp ERR! stack at ChildProcess.emit (node:events:508:20)
117 error gyp ERR! stack at ChildProcess._handle.onexit (node:internal/child_process:294:12)
117 error gyp ERR! System Linux 4.19.127+
117 error gyp ERR! command "/data/data/com.termux/files/usr/bin/node" "/data/data/com.termux/files/usr/lib/node_modules/npm/node_modules/node-gyp/bin/node-gyp.js" "rebuild"
117 error gyp ERR! cwd /data/data/com.termux/files/home/node_modules/bcrypt
117 error gyp ERR! node -v v25.8.2
117 error gyp ERR! node-gyp -v v12.2.0
117 error gyp ERR! $npm_package_name bcrypt
117 error gyp ERR! $npm_package_version 6.0.0
117 error gyp ERR! not ok
118 silly unfinished npm timer reify 1776377998268
119 silly unfinished npm timer reify:build 1776378003868
120 silly unfinished npm timer build 1776378003873
121 silly unfinished npm timer build:deps 1776378003876
122 silly unfinished npm timer build:run:install 1776378003926
123 silly unfinished npm timer build:run:install:node_modules/bcrypt 1776378003929
124 verbose cwd /data/data/com.termux/files/home
125 verbose os Linux 4.19.127+
126 verbose node v25.8.2
127 verbose npm  v11.12.1
128 verbose exit 1
129 verbose code 1
130 error A complete log of this run can be found in: /data/data/com.termux/files/home/.npm/_logs/2026-04-16T22_19_54_133Z-debug-0.log
