0 verbose cli /data/data/com.termux/files/usr/bin/node /data/data/com.termux/files/usr/bin/npm
1 info using npm@11.12.1
2 info using node@v25.8.2
3 silly config load:file:/data/data/com.termux/files/usr/lib/node_modules/npm/npmrc
4 silly config load:file:/data/data/com.termux/files/home/bot-wa/.npmrc
5 silly config load:file:/data/data/com.termux/files/home/.npmrc
6 silly config load:file:/data/data/com.termux/files/usr/etc/npmrc
7 verbose title npm install @whiskeysockets/baileys
8 verbose argv "install" "@whiskeysockets/baileys"
9 verbose logfile logs-max:10 dir:/data/data/com.termux/files/home/.npm/_logs/2026-04-16T20_50_01_619Z-
10 verbose logfile /data/data/com.termux/files/home/.npm/_logs/2026-04-16T20_50_01_619Z-debug-0.log
11 silly logfile start cleaning logs, removing 1 files
12 silly logfile done cleaning log files
13 silly packumentCache heap:833880064 maxSize:208470016 maxEntrySize:104235008
14 silly idealTree buildDeps
15 silly fetch manifest @whiskeysockets/baileys@^7.0.0-rc.9
16 silly packumentCache full:https://registry.npmjs.org/@whiskeysockets%2fbaileys cache-miss
17 http cache https://registry.npmjs.org/@whiskeysockets%2fbaileys 303ms (cache hit)
18 silly packumentCache full:https://registry.npmjs.org/@whiskeysockets%2fbaileys set size:202548 disposed:false
19 silly fetch manifest audio-decode@^2.1.3
20 silly packumentCache full:https://registry.npmjs.org/audio-decode cache-miss
21 http cache https://registry.npmjs.org/audio-decode 40ms (cache hit)
22 silly packumentCache full:https://registry.npmjs.org/audio-decode set size:107159 disposed:false
23 silly fetch manifest jimp@^1.6.0
24 silly packumentCache full:https://registry.npmjs.org/jimp cache-miss
25 http cache https://registry.npmjs.org/jimp 60ms (cache hit)
26 silly packumentCache full:https://registry.npmjs.org/jimp set size:1198045 disposed:false
27 silly fetch manifest link-preview-js@^3.0.0
28 silly packumentCache full:https://registry.npmjs.org/link-preview-js cache-miss
29 http cache https://registry.npmjs.org/link-preview-js 36ms (cache hit)
30 silly packumentCache full:https://registry.npmjs.org/link-preview-js set size:145310 disposed:false
31 silly fetch manifest sharp@*
32 silly packumentCache full:https://registry.npmjs.org/sharp cache-miss
33 http cache https://registry.npmjs.org/sharp 53ms (cache hit)
34 silly packumentCache full:https://registry.npmjs.org/sharp set size:1043822 disposed:false
35 silly placeDep ROOT @whiskeysockets/baileys@7.0.0-rc.9 REPLACE for: bot-wa@1.0.0 want: ^7.0.0-rc.9
36 silly reify moves {}
37 silly audit bulk request {
37 silly audit   '@borewit/text-codec': [ '0.2.2' ],
37 silly audit   '@cacheable/memory': [ '2.0.8' ],
37 silly audit   '@cacheable/node-cache': [ '1.7.6' ],
37 silly audit   '@cacheable/utils': [ '2.4.1' ],
37 silly audit   '@emnapi/runtime': [ '1.10.0' ],
37 silly audit   '@hapi/boom': [ '9.1.4' ],
37 silly audit   '@hapi/hoek': [ '9.3.0' ],
37 silly audit   '@img/colour': [ '1.1.0' ],
37 silly audit   '@img/sharp-darwin-arm64': [ '0.34.5' ],
37 silly audit   '@img/sharp-darwin-x64': [ '0.34.5' ],
37 silly audit   '@img/sharp-libvips-darwin-arm64': [ '1.2.4' ],
37 silly audit   '@img/sharp-libvips-darwin-x64': [ '1.2.4' ],
37 silly audit   '@img/sharp-libvips-linux-arm': [ '1.2.4' ],
37 silly audit   '@img/sharp-libvips-linux-arm64': [ '1.2.4' ],
37 silly audit   '@img/sharp-libvips-linux-ppc64': [ '1.2.4' ],
37 silly audit   '@img/sharp-libvips-linux-riscv64': [ '1.2.4' ],
37 silly audit   '@img/sharp-libvips-linux-s390x': [ '1.2.4' ],
37 silly audit   '@img/sharp-libvips-linux-x64': [ '1.2.4' ],
37 silly audit   '@img/sharp-libvips-linuxmusl-arm64': [ '1.2.4' ],
37 silly audit   '@img/sharp-libvips-linuxmusl-x64': [ '1.2.4' ],
37 silly audit   '@img/sharp-linux-arm': [ '0.34.5' ],
37 silly audit   '@img/sharp-linux-arm64': [ '0.34.5' ],
37 silly audit   '@img/sharp-linux-ppc64': [ '0.34.5' ],
37 silly audit   '@img/sharp-linux-riscv64': [ '0.34.5' ],
37 silly audit   '@img/sharp-linux-s390x': [ '0.34.5' ],
37 silly audit   '@img/sharp-linux-x64': [ '0.34.5' ],
37 silly audit   '@img/sharp-linuxmusl-arm64': [ '0.34.5' ],
37 silly audit   '@img/sharp-linuxmusl-x64': [ '0.34.5' ],
37 silly audit   '@img/sharp-wasm32': [ '0.34.5' ],
37 silly audit   '@img/sharp-win32-arm64': [ '0.34.5' ],
37 silly audit   '@img/sharp-win32-ia32': [ '0.34.5' ],
37 silly audit   '@img/sharp-win32-x64': [ '0.34.5' ],
37 silly audit   '@keyv/bigmap': [ '1.3.1' ],
37 silly audit   '@keyv/serialize': [ '1.1.1' ],
37 silly audit   '@pinojs/redact': [ '0.4.0' ],
37 silly audit   '@protobufjs/aspromise': [ '1.1.2' ],
37 silly audit   '@protobufjs/base64': [ '1.1.2' ],
37 silly audit   '@protobufjs/codegen': [ '2.0.4' ],
37 silly audit   '@protobufjs/eventemitter': [ '1.1.0' ],
37 silly audit   '@protobufjs/fetch': [ '1.1.0' ],
37 silly audit   '@protobufjs/float': [ '1.0.2' ],
37 silly audit   '@protobufjs/inquire': [ '1.1.0' ],
37 silly audit   '@protobufjs/path': [ '1.1.2' ],
37 silly audit   '@protobufjs/pool': [ '1.1.0' ],
37 silly audit   '@protobufjs/utf8': [ '1.1.0' ],
37 silly audit   '@tokenizer/inflate': [ '0.4.1' ],
37 silly audit   '@tokenizer/token': [ '0.3.0' ],
37 silly audit   '@types/long': [ '4.0.2' ],
37 silly audit   '@types/node': [ '25.6.0', '10.17.60' ],
37 silly audit   'async-mutex': [ '0.5.0' ],
37 silly audit   'atomic-sleep': [ '1.0.0' ],
37 silly audit   cacheable: [ '2.3.4' ],
37 silly audit   'content-type': [ '1.0.5' ],
37 silly audit   'curve25519-js': [ '0.0.4' ],
37 silly audit   debug: [ '4.4.3' ],
37 silly audit   'detect-libc': [ '2.1.2' ],
37 silly audit   eventemitter3: [ '5.0.4' ],
37 silly audit   'file-type': [ '21.3.4' ],
37 silly audit   hashery: [ '1.5.1' ],
37 silly audit   hookified: [ '1.15.1', '2.1.1' ],
37 silly audit   ieee754: [ '1.2.1' ],
37 silly audit   keyv: [ '5.6.0' ],
37 silly audit   '@whiskeysockets/libsignal-node': [ '2.0.1' ],
37 silly audit   long: [ '4.0.0', '5.3.2' ],
37 silly audit   protobufjs: [ '6.8.8', '7.5.5' ],
37 silly audit   'lru-cache': [ '11.3.5' ],
37 silly audit   'media-typer': [ '1.1.0' ],
37 silly audit   ms: [ '2.1.3' ],
37 silly audit   'music-metadata': [ '11.12.3' ],
37 silly audit   'on-exit-leak-free': [ '2.1.2' ],
37 silly audit   'p-queue': [ '9.1.2' ],
37 silly audit   'p-timeout': [ '7.0.1' ],
37 silly audit   pino: [ '9.14.0' ],
37 silly audit   'pino-abstract-transport': [ '2.0.0' ],
37 silly audit   'pino-std-serializers': [ '7.1.0' ],
37 silly audit   'process-warning': [ '5.0.0' ],
37 silly audit   qified: [ '0.9.1' ],
37 silly audit   'quick-format-unescaped': [ '4.0.4' ],
37 silly audit   'real-require': [ '0.2.0' ],
37 silly audit   'safe-stable-stringify': [ '2.5.0' ],
37 silly audit   semver: [ '7.7.4' ],
37 silly audit   sharp: [ '0.34.5' ],
37 silly audit   'sonic-boom': [ '4.2.1' ],
37 silly audit   split2: [ '4.2.0' ],
37 silly audit   strtok3: [ '10.3.5' ],
37 silly audit   'thread-stream': [ '3.1.0' ],
37 silly audit   'token-types': [ '6.1.2' ],
37 silly audit   tslib: [ '2.8.1' ],
37 silly audit   'uint8array-extras': [ '1.5.0' ],
37 silly audit   'undici-types': [ '7.19.2' ],
37 silly audit   'win-guid': [ '0.2.1' ],
37 silly audit   ws: [ '8.20.0' ],
37 silly audit   '@whiskeysockets/baileys': [ '7.0.0-rc.9' ]
37 silly audit }
38 http fetch POST 200 https://registry.npmjs.org/-/npm/v1/security/advisories/bulk 1164ms
39 silly audit report {}
40 verbose cwd /data/data/com.termux/files/home/bot-wa
41 verbose os Linux 4.19.127+
42 verbose node v25.8.2
43 verbose npm  v11.12.1
44 verbose exit 0
45 info ok
